
> @repo/web@0.1.0 build C:\Users\WCHS\Desktop\AIStudy\apps\web
> next build

   ▲ Next.js 15.5.15

   Creating an optimized production build ...
 ✓ Compiled successfully in 7.3s
   Skipping linting
   Checking validity of types ...
   Collecting page data ...
   Generating static pages (0/15) ...
   Generating static pages (3/15) 
   Generating static pages (7/15) 
   Generating static pages (11/15) 
 ✓ Generating static pages (15/15)
   Finalizing page optimization ...
   Collecting build traces ...

Route (app)                                     Size  First Load JS
┌ ○ /                                        2.07 kB         108 kB
├ ○ /_not-found                                989 B         103 kB
├ ƒ /api/study/workbooks/import                127 B         102 kB
├ ƒ /api/trpc/[trpc]                           127 B         102 kB
├ ○ /login                                   1.06 kB         164 kB
├ ○ /signup                                  1.49 kB         181 kB
├ ○ /study                                     162 B         106 kB
├ ○ /study/exams                               913 B         123 kB
├ ƒ /study/exams/[setId]                     2.72 kB         124 kB
├ ○ /study/library                           2.69 kB         124 kB
├ ƒ /study/practice                          3.12 kB         125 kB
├ ƒ /study/questions/[questionId]            2.29 kB         124 kB
├ ○ /study/search                            1.28 kB         123 kB
├ ○ /study/stats                             1.59 kB         123 kB
├ ○ /study/templates                         4.28 kB         110 kB
├ ƒ /study/workbooks/[workbookId]            2.35 kB         124 kB
├ ƒ /study/workbooks/[workbookId]/concepts   1.43 kB         123 kB
├ ƒ /study/workbooks/[workbookId]/editor     3.42 kB         125 kB
├ ƒ /study/workbooks/[workbookId]/questions    908 B         123 kB
├ ○ /study/wrong-notes                         948 B         123 kB
└ ○ /study/wrong-notes/session               2.77 kB         125 kB
+ First Load JS shared by all                 102 kB
  ├ chunks/495ed1de-ef13b73ea9667117.js      54.2 kB
  ├ chunks/780-ba70085d857d4d82.js             46 kB
  └ other shared chunks (total)              1.99 kB


○  (Static)   prerendered as static content
ƒ  (Dynamic)  server-rendered on demand

